<?xml version="1.0" encoding="UTF-8"?>
<!-- Generated by org.testng.reporters.JUnitXMLReporter -->
<testsuite hostname="A883DCOK" name="Test_01" tests="1" failures="1" timestamp="26 Nov 2018 12:42:25 GMT" time="0.657" errors="0">
  <testcase name="@AfterMethod tearDown" time="0.0" classname="com.step.sauce.Calculator">
    <failure type="java.lang.NullPointerException">
      <![CDATA[java.lang.NullPointerException
	at com.step.sauce.TestBase.tearDown(TestBase.java:81)
	at java.util.concurrent.FutureTask.run(FutureTask.java:266)
	at java.util.concurrent.ThreadPoolExecutor.runWorker(ThreadPoolExecutor.java:1142)
	at java.util.concurrent.ThreadPoolExecutor$Worker.run(ThreadPoolExecutor.java:617)
	at java.lang.Thread.run(Thread.java:745)
... Removed 18 stack frames]]>
    </failure>
  </testcase> <!-- @AfterMethod tearDown -->
  <testcase name="verifyCommentInputTest" time="0.641" classname="com.step.sauce.Calculator">
    <failure type="java.lang.NullPointerException">
      <![CDATA[java.lang.NullPointerException
	at com.step.sauce.TestBase.createDriver(TestBase.java:74)
	at com.step.sauce.Calculator.verifyCommentInputTest(Calculator.java:22)
	at java.util.concurrent.FutureTask.run(FutureTask.java:266)
	at java.util.concurrent.ThreadPoolExecutor.runWorker(ThreadPoolExecutor.java:1142)
	at java.util.concurrent.ThreadPoolExecutor$Worker.run(ThreadPoolExecutor.java:617)
	at java.lang.Thread.run(Thread.java:745)
... Removed 16 stack frames]]>
    </failure>
  </testcase> <!-- verifyCommentInputTest -->
</testsuite> <!-- Test_01 -->
